# Logfile created on Mon Sep 12 22:45:58 +1000 2011 by logger.rb/22285
REQUESTING PAGE: GET /signup with {} and HTTP headers {}
REQUESTING PAGE: POST /users with {"commit"=>"Sign up", "utf8"=>"\342\234\223", "user"=>{"name"=>"Example User", "password_confirmation"=>"foobar", "password"=>"foobar", "email"=>"user@example.com"}} and HTTP headers {"HTTP_REFERER"=>"/signup"}
REQUESTING PAGE: GET http://www.example.com/users/1 with {} and HTTP headers {"HTTP_REFERER"=>"/users"}
REQUESTING PAGE: GET /signup with {} and HTTP headers {}
REQUESTING PAGE: POST /users with {"commit"=>"Sign up", "utf8"=>"\342\234\223", "user"=>{"name"=>"Example User", "password_confirmation"=>"foobar", "password"=>"foobar", "email"=>"user@example.com"}} and HTTP headers {"HTTP_REFERER"=>"/signup"}
REQUESTING PAGE: GET http://www.example.com/users/1 with {} and HTTP headers {"HTTP_REFERER"=>"/users"}
<<<<<<< HEAD
=======
REQUESTING PAGE: GET /signup with {} and HTTP headers {}
REQUESTING PAGE: POST /users with {"commit"=>"Sign up", "utf8"=>"\342\234\223", "user"=>{"name"=>"Example User", "password_confirmation"=>"foobar", "password"=>"foobar", "email"=>"user@example.com"}} and HTTP headers {"HTTP_REFERER"=>"/signup"}
REQUESTING PAGE: GET http://www.example.com/users/1 with {} and HTTP headers {"HTTP_REFERER"=>"/users"}
REQUESTING PAGE: GET /signup with {} and HTTP headers {}
REQUESTING PAGE: POST /users with {"commit"=>"Sign up", "utf8"=>"\342\234\223", "user"=>{"name"=>"Example User", "password_confirmation"=>"foobar", "password"=>"foobar", "email"=>"user@example.com"}} and HTTP headers {"HTTP_REFERER"=>"/signup"}
REQUESTING PAGE: GET http://www.example.com/users/1 with {} and HTTP headers {"HTTP_REFERER"=>"/users"}
REQUESTING PAGE: GET / with {} and HTTP headers {}
REQUESTING PAGE: GET /signin with {} and HTTP headers {}
REQUESTING PAGE: POST /sessions with {"commit"=>"Sign in", "session"=>{"password"=>"foobar", "email"=>"paul.greig01@gmail.com"}, "utf8"=>"\342\234\223"} and HTTP headers {"HTTP_REFERER"=>"/signin"}
REQUESTING PAGE: GET http://www.example.com/users/1 with {} and HTTP headers {"HTTP_REFERER"=>"/sessions"}
REQUESTING PAGE: GET / with {} and HTTP headers {"HTTP_REFERER"=>"http://www.example.com/users/1"}
REQUESTING PAGE: GET /signin with {} and HTTP headers {}
REQUESTING PAGE: POST /sessions with {"commit"=>"Sign in", "session"=>{"password"=>"foobar", "email"=>"paul.greig01@gmail.com"}, "utf8"=>"\342\234\223"} and HTTP headers {"HTTP_REFERER"=>"/signin"}
REQUESTING PAGE: GET http://www.example.com/users/1 with {} and HTTP headers {"HTTP_REFERER"=>"/sessions"}
REQUESTING PAGE: GET / with {} and HTTP headers {"HTTP_REFERER"=>"http://www.example.com/users/1"}
REQUESTING PAGE: GET /signup with {} and HTTP headers {}
REQUESTING PAGE: POST /users with {"commit"=>"Sign up", "utf8"=>"\342\234\223", "user"=>{"name"=>"Example User", "password_confirmation"=>"foobar", "password"=>"foobar", "email"=>"user@example.com"}} and HTTP headers {"HTTP_REFERER"=>"/signup"}
REQUESTING PAGE: GET http://www.example.com/users/1 with {} and HTTP headers {"HTTP_REFERER"=>"/users"}
REQUESTING PAGE: GET /signin with {} and HTTP headers {}
REQUESTING PAGE: POST /sessions with {"commit"=>"Sign in", "session"=>{"password"=>"", "email"=>""}, "utf8"=>"\342\234\223"} and HTTP headers {"HTTP_REFERER"=>"/signin"}
REQUESTING PAGE: GET /signin with {} and HTTP headers {}
REQUESTING PAGE: POST /sessions with {"commit"=>"Sign in", "session"=>{"password"=>"foobar", "email"=>"paul.greig01@gmail.com"}, "utf8"=>"\342\234\223"} and HTTP headers {"HTTP_REFERER"=>"/signin"}
REQUESTING PAGE: GET http://www.example.com/users/1 with {} and HTTP headers {"HTTP_REFERER"=>"/sessions"}
REQUESTING PAGE: GET /signout with {} and HTTP headers {"HTTP_REFERER"=>"http://www.example.com/users/1"}
REQUESTING PAGE: GET http://www.example.com/ with {} and HTTP headers {"HTTP_REFERER"=>"/signout"}
>>>>>>> sign-in-out
REQUESTING PAGE: GET / with {} and HTTP headers {}
REQUESTING PAGE: GET /signin with {} and HTTP headers {}
REQUESTING PAGE: POST /sessions with {"commit"=>"Sign in", "session"=>{"password"=>"foobar", "email"=>"paul.greig01@gmail.com"}, "utf8"=>"\342\234\223"} and HTTP headers {"HTTP_REFERER"=>"/signin"}
REQUESTING PAGE: GET http://www.example.com/users/1 with {} and HTTP headers {"HTTP_REFERER"=>"/sessions"}
REQUESTING PAGE: GET / with {} and HTTP headers {"HTTP_REFERER"=>"http://www.example.com/users/1"}
REQUESTING PAGE: GET /signin with {} and HTTP headers {}
REQUESTING PAGE: POST /sessions with {"commit"=>"Sign in", "session"=>{"password"=>"foobar", "email"=>"paul.greig01@gmail.com"}, "utf8"=>"\342\234\223"} and HTTP headers {"HTTP_REFERER"=>"/signin"}
REQUESTING PAGE: GET http://www.example.com/users/1 with {} and HTTP headers {"HTTP_REFERER"=>"/sessions"}
REQUESTING PAGE: GET / with {} and HTTP headers {"HTTP_REFERER"=>"http://www.example.com/users/1"}
REQUESTING PAGE: GET /signup with {} and HTTP headers {}
REQUESTING PAGE: POST /users with {"commit"=>"Sign up", "utf8"=>"\342\234\223", "user"=>{"name"=>"Example User", "password_confirmation"=>"foobar", "password"=>"foobar", "email"=>"user@example.com"}} and HTTP headers {"HTTP_REFERER"=>"/signup"}
REQUESTING PAGE: GET http://www.example.com/users/1 with {} and HTTP headers {"HTTP_REFERER"=>"/users"}
REQUESTING PAGE: GET /signin with {} and HTTP headers {}
REQUESTING PAGE: POST /sessions with {"commit"=>"Sign in", "session"=>{"password"=>"", "email"=>""}, "utf8"=>"\342\234\223"} and HTTP headers {"HTTP_REFERER"=>"/signin"}
REQUESTING PAGE: GET /signin with {} and HTTP headers {}
REQUESTING PAGE: POST /sessions with {"commit"=>"Sign in", "session"=>{"password"=>"foobar", "email"=>"paul.greig01@gmail.com"}, "utf8"=>"\342\234\223"} and HTTP headers {"HTTP_REFERER"=>"/signin"}
REQUESTING PAGE: GET http://www.example.com/users/1 with {} and HTTP headers {"HTTP_REFERER"=>"/sessions"}
REQUESTING PAGE: GET /signout with {} and HTTP headers {"HTTP_REFERER"=>"http://www.example.com/users/1"}
REQUESTING PAGE: GET http://www.example.com/ with {} and HTTP headers {"HTTP_REFERER"=>"/signout"}
REQUESTING PAGE: GET / with {} and HTTP headers {}
REQUESTING PAGE: GET /signin with {} and HTTP headers {}
REQUESTING PAGE: POST /sessions with {"commit"=>"Sign in", "session"=>{"password"=>"foobar", "email"=>"paul.greig01@gmail.com"}, "utf8"=>"\342\234\223"} and HTTP headers {"HTTP_REFERER"=>"/signin"}
REQUESTING PAGE: GET http://www.example.com/users/1 with {} and HTTP headers {"HTTP_REFERER"=>"/sessions"}
REQUESTING PAGE: GET / with {} and HTTP headers {"HTTP_REFERER"=>"http://www.example.com/users/1"}
REQUESTING PAGE: GET /signin with {} and HTTP headers {}
REQUESTING PAGE: POST /sessions with {"commit"=>"Sign in", "session"=>{"password"=>"foobar", "email"=>"paul.greig01@gmail.com"}, "utf8"=>"\342\234\223"} and HTTP headers {"HTTP_REFERER"=>"/signin"}
REQUESTING PAGE: GET http://www.example.com/users/1 with {} and HTTP headers {"HTTP_REFERER"=>"/sessions"}
REQUESTING PAGE: GET / with {} and HTTP headers {"HTTP_REFERER"=>"http://www.example.com/users/1"}
REQUESTING PAGE: GET /signup with {} and HTTP headers {}
REQUESTING PAGE: POST /users with {"commit"=>"Sign up", "utf8"=>"\342\234\223", "user"=>{"name"=>"Example User", "password_confirmation"=>"foobar", "password"=>"foobar", "email"=>"user@example.com"}} and HTTP headers {"HTTP_REFERER"=>"/signup"}
REQUESTING PAGE: GET http://www.example.com/users/1 with {} and HTTP headers {"HTTP_REFERER"=>"/users"}
REQUESTING PAGE: GET /signin with {} and HTTP headers {}
REQUESTING PAGE: POST /sessions with {"commit"=>"Sign in", "session"=>{"password"=>"", "email"=>""}, "utf8"=>"\342\234\223"} and HTTP headers {"HTTP_REFERER"=>"/signin"}
REQUESTING PAGE: GET /signin with {} and HTTP headers {}
REQUESTING PAGE: POST /sessions with {"commit"=>"Sign in", "session"=>{"password"=>"foobar", "email"=>"paul.greig01@gmail.com"}, "utf8"=>"\342\234\223"} and HTTP headers {"HTTP_REFERER"=>"/signin"}
REQUESTING PAGE: GET http://www.example.com/users/1 with {} and HTTP headers {"HTTP_REFERER"=>"/sessions"}
REQUESTING PAGE: GET /signout with {} and HTTP headers {"HTTP_REFERER"=>"http://www.example.com/users/1"}
REQUESTING PAGE: GET http://www.example.com/ with {} and HTTP headers {"HTTP_REFERER"=>"/signout"}
REQUESTING PAGE: GET /users/1/edit with {} and HTTP headers {}
REQUESTING PAGE: GET http://www.example.com/signin with {} and HTTP headers {"HTTP_REFERER"=>"/users/1/edit"}
REQUESTING PAGE: POST /sessions with {"commit"=>"Sign in", "session"=>{"password"=>"foobar", "email"=>"paul.greig01@gmail.com"}, "utf8"=>"\342\234\223"} and HTTP headers {"HTTP_REFERER"=>"http://www.example.com/signin"}
REQUESTING PAGE: GET http://www.example.com/users/1/edit with {} and HTTP headers {"HTTP_REFERER"=>"/sessions"}
REQUESTING PAGE: GET / with {} and HTTP headers {}
REQUESTING PAGE: GET /signin with {} and HTTP headers {}
REQUESTING PAGE: POST /sessions with {"commit"=>"Sign in", "session"=>{"password"=>"foobar", "email"=>"paul.greig01@gmail.com"}, "utf8"=>"\342\234\223"} and HTTP headers {"HTTP_REFERER"=>"/signin"}
REQUESTING PAGE: GET http://www.example.com/users/1 with {} and HTTP headers {"HTTP_REFERER"=>"/sessions"}
REQUESTING PAGE: GET / with {} and HTTP headers {"HTTP_REFERER"=>"http://www.example.com/users/1"}
REQUESTING PAGE: GET /signin with {} and HTTP headers {}
REQUESTING PAGE: POST /sessions with {"commit"=>"Sign in", "session"=>{"password"=>"foobar", "email"=>"paul.greig01@gmail.com"}, "utf8"=>"\342\234\223"} and HTTP headers {"HTTP_REFERER"=>"/signin"}
REQUESTING PAGE: GET http://www.example.com/users/1 with {} and HTTP headers {"HTTP_REFERER"=>"/sessions"}
REQUESTING PAGE: GET / with {} and HTTP headers {"HTTP_REFERER"=>"http://www.example.com/users/1"}
REQUESTING PAGE: GET /signup with {} and HTTP headers {}
REQUESTING PAGE: POST /users with {"commit"=>"Sign up", "utf8"=>"\342\234\223", "user"=>{"name"=>"Example User", "password_confirmation"=>"foobar", "password"=>"foobar", "email"=>"user@example.com"}} and HTTP headers {"HTTP_REFERER"=>"/signup"}
REQUESTING PAGE: GET http://www.example.com/users/1 with {} and HTTP headers {"HTTP_REFERER"=>"/users"}
REQUESTING PAGE: GET /signin with {} and HTTP headers {}
REQUESTING PAGE: POST /sessions with {"commit"=>"Sign in", "session"=>{"password"=>"", "email"=>""}, "utf8"=>"\342\234\223"} and HTTP headers {"HTTP_REFERER"=>"/signin"}
REQUESTING PAGE: GET /signin with {} and HTTP headers {}
REQUESTING PAGE: POST /sessions with {"commit"=>"Sign in", "session"=>{"password"=>"foobar", "email"=>"paul.greig01@gmail.com"}, "utf8"=>"\342\234\223"} and HTTP headers {"HTTP_REFERER"=>"/signin"}
REQUESTING PAGE: GET http://www.example.com/users/1 with {} and HTTP headers {"HTTP_REFERER"=>"/sessions"}
REQUESTING PAGE: GET /signout with {} and HTTP headers {"HTTP_REFERER"=>"http://www.example.com/users/1"}
REQUESTING PAGE: GET http://www.example.com/ with {} and HTTP headers {"HTTP_REFERER"=>"/signout"}
REQUESTING PAGE: GET /users/1/edit with {} and HTTP headers {}
REQUESTING PAGE: GET http://www.example.com/signin with {} and HTTP headers {"HTTP_REFERER"=>"/users/1/edit"}
REQUESTING PAGE: POST /sessions with {"commit"=>"Sign in", "session"=>{"password"=>"foobar", "email"=>"paul.greig01@gmail.com"}, "utf8"=>"\342\234\223"} and HTTP headers {"HTTP_REFERER"=>"http://www.example.com/signin"}
REQUESTING PAGE: GET http://www.example.com/users/1/edit with {} and HTTP headers {"HTTP_REFERER"=>"/sessions"}
REQUESTING PAGE: GET / with {} and HTTP headers {}
REQUESTING PAGE: GET /signin with {} and HTTP headers {}
REQUESTING PAGE: POST /sessions with {"commit"=>"Sign in", "session"=>{"password"=>"foobar", "email"=>"paul.greig01@gmail.com"}, "utf8"=>"\342\234\223"} and HTTP headers {"HTTP_REFERER"=>"/signin"}
REQUESTING PAGE: GET http://www.example.com/users/1 with {} and HTTP headers {"HTTP_REFERER"=>"/sessions"}
REQUESTING PAGE: GET / with {} and HTTP headers {"HTTP_REFERER"=>"http://www.example.com/users/1"}
REQUESTING PAGE: GET /signin with {} and HTTP headers {}
REQUESTING PAGE: POST /sessions with {"commit"=>"Sign in", "session"=>{"password"=>"foobar", "email"=>"paul.greig01@gmail.com"}, "utf8"=>"\342\234\223"} and HTTP headers {"HTTP_REFERER"=>"/signin"}
REQUESTING PAGE: GET http://www.example.com/users/1 with {} and HTTP headers {"HTTP_REFERER"=>"/sessions"}
REQUESTING PAGE: GET / with {} and HTTP headers {"HTTP_REFERER"=>"http://www.example.com/users/1"}
REQUESTING PAGE: GET /signup with {} and HTTP headers {}
REQUESTING PAGE: POST /users with {"commit"=>"Sign up", "utf8"=>"\342\234\223", "user"=>{"name"=>"Example User", "password_confirmation"=>"foobar", "password"=>"foobar", "email"=>"user@example.com"}} and HTTP headers {"HTTP_REFERER"=>"/signup"}
REQUESTING PAGE: GET http://www.example.com/users/1 with {} and HTTP headers {"HTTP_REFERER"=>"/users"}
REQUESTING PAGE: GET /signin with {} and HTTP headers {}
REQUESTING PAGE: POST /sessions with {"commit"=>"Sign in", "session"=>{"password"=>"", "email"=>""}, "utf8"=>"\342\234\223"} and HTTP headers {"HTTP_REFERER"=>"/signin"}
REQUESTING PAGE: GET /signin with {} and HTTP headers {}
REQUESTING PAGE: POST /sessions with {"commit"=>"Sign in", "session"=>{"password"=>"foobar", "email"=>"paul.greig01@gmail.com"}, "utf8"=>"\342\234\223"} and HTTP headers {"HTTP_REFERER"=>"/signin"}
REQUESTING PAGE: GET http://www.example.com/users/1 with {} and HTTP headers {"HTTP_REFERER"=>"/sessions"}
REQUESTING PAGE: GET /signout with {} and HTTP headers {"HTTP_REFERER"=>"http://www.example.com/users/1"}
REQUESTING PAGE: GET http://www.example.com/ with {} and HTTP headers {"HTTP_REFERER"=>"/signout"}
REQUESTING PAGE: GET /users/1/edit with {} and HTTP headers {}
REQUESTING PAGE: GET http://www.example.com/signin with {} and HTTP headers {"HTTP_REFERER"=>"/users/1/edit"}
REQUESTING PAGE: POST /sessions with {"commit"=>"Sign in", "session"=>{"password"=>"foobar", "email"=>"paul.greig01@gmail.com"}, "utf8"=>"\342\234\223"} and HTTP headers {"HTTP_REFERER"=>"http://www.example.com/signin"}
REQUESTING PAGE: GET http://www.example.com/users/1/edit with {} and HTTP headers {"HTTP_REFERER"=>"/sessions"}
REQUESTING PAGE: GET / with {} and HTTP headers {}
REQUESTING PAGE: GET /signin with {} and HTTP headers {}
REQUESTING PAGE: POST /sessions with {"commit"=>"Sign in", "session"=>{"password"=>"foobar", "email"=>"paul.greig01@gmail.com"}, "utf8"=>"\342\234\223"} and HTTP headers {"HTTP_REFERER"=>"/signin"}
REQUESTING PAGE: GET http://www.example.com/users/1 with {} and HTTP headers {"HTTP_REFERER"=>"/sessions"}
REQUESTING PAGE: GET / with {} and HTTP headers {"HTTP_REFERER"=>"http://www.example.com/users/1"}
REQUESTING PAGE: GET /signin with {} and HTTP headers {}
REQUESTING PAGE: POST /sessions with {"commit"=>"Sign in", "session"=>{"password"=>"foobar", "email"=>"paul.greig01@gmail.com"}, "utf8"=>"\342\234\223"} and HTTP headers {"HTTP_REFERER"=>"/signin"}
REQUESTING PAGE: GET http://www.example.com/users/1 with {} and HTTP headers {"HTTP_REFERER"=>"/sessions"}
REQUESTING PAGE: GET / with {} and HTTP headers {"HTTP_REFERER"=>"http://www.example.com/users/1"}
REQUESTING PAGE: GET /signup with {} and HTTP headers {}
REQUESTING PAGE: POST /users with {"commit"=>"Sign up", "utf8"=>"\342\234\223", "user"=>{"name"=>"Example User", "password_confirmation"=>"foobar", "password"=>"foobar", "email"=>"user@example.com"}} and HTTP headers {"HTTP_REFERER"=>"/signup"}
REQUESTING PAGE: GET http://www.example.com/users/1 with {} and HTTP headers {"HTTP_REFERER"=>"/users"}
REQUESTING PAGE: GET /signin with {} and HTTP headers {}
REQUESTING PAGE: POST /sessions with {"commit"=>"Sign in", "session"=>{"password"=>"", "email"=>""}, "utf8"=>"\342\234\223"} and HTTP headers {"HTTP_REFERER"=>"/signin"}
REQUESTING PAGE: GET /signin with {} and HTTP headers {}
REQUESTING PAGE: POST /sessions with {"commit"=>"Sign in", "session"=>{"password"=>"foobar", "email"=>"paul.greig01@gmail.com"}, "utf8"=>"\342\234\223"} and HTTP headers {"HTTP_REFERER"=>"/signin"}
REQUESTING PAGE: GET http://www.example.com/users/1 with {} and HTTP headers {"HTTP_REFERER"=>"/sessions"}
REQUESTING PAGE: GET /signout with {} and HTTP headers {"HTTP_REFERER"=>"http://www.example.com/users/1"}
REQUESTING PAGE: GET http://www.example.com/ with {} and HTTP headers {"HTTP_REFERER"=>"/signout"}
REQUESTING PAGE: GET /users/1/edit with {} and HTTP headers {}
REQUESTING PAGE: GET http://www.example.com/signin with {} and HTTP headers {"HTTP_REFERER"=>"/users/1/edit"}
REQUESTING PAGE: POST /sessions with {"commit"=>"Sign in", "session"=>{"password"=>"foobar", "email"=>"paul.greig01@gmail.com"}, "utf8"=>"\342\234\223"} and HTTP headers {"HTTP_REFERER"=>"http://www.example.com/signin"}
REQUESTING PAGE: GET http://www.example.com/users/1/edit with {} and HTTP headers {"HTTP_REFERER"=>"/sessions"}
REQUESTING PAGE: GET / with {} and HTTP headers {}
REQUESTING PAGE: GET /signin with {} and HTTP headers {}
REQUESTING PAGE: POST /sessions with {"commit"=>"Sign in", "session"=>{"password"=>"foobar", "email"=>"paul.greig01@gmail.com"}, "utf8"=>"\342\234\223"} and HTTP headers {"HTTP_REFERER"=>"/signin"}
REQUESTING PAGE: GET http://www.example.com/users/1 with {} and HTTP headers {"HTTP_REFERER"=>"/sessions"}
REQUESTING PAGE: GET / with {} and HTTP headers {"HTTP_REFERER"=>"http://www.example.com/users/1"}
REQUESTING PAGE: GET /signin with {} and HTTP headers {}
REQUESTING PAGE: POST /sessions with {"commit"=>"Sign in", "session"=>{"password"=>"foobar", "email"=>"paul.greig01@gmail.com"}, "utf8"=>"\342\234\223"} and HTTP headers {"HTTP_REFERER"=>"/signin"}
REQUESTING PAGE: GET http://www.example.com/users/1 with {} and HTTP headers {"HTTP_REFERER"=>"/sessions"}
REQUESTING PAGE: GET / with {} and HTTP headers {"HTTP_REFERER"=>"http://www.example.com/users/1"}
REQUESTING PAGE: GET /signup with {} and HTTP headers {}
REQUESTING PAGE: POST /users with {"commit"=>"Sign up", "utf8"=>"\342\234\223", "user"=>{"name"=>"Example User", "password_confirmation"=>"foobar", "password"=>"foobar", "email"=>"user@example.com"}} and HTTP headers {"HTTP_REFERER"=>"/signup"}
REQUESTING PAGE: GET http://www.example.com/users/1 with {} and HTTP headers {"HTTP_REFERER"=>"/users"}
REQUESTING PAGE: GET /signin with {} and HTTP headers {}
REQUESTING PAGE: POST /sessions with {"commit"=>"Sign in", "session"=>{"password"=>"", "email"=>""}, "utf8"=>"\342\234\223"} and HTTP headers {"HTTP_REFERER"=>"/signin"}
REQUESTING PAGE: GET /signin with {} and HTTP headers {}
REQUESTING PAGE: POST /sessions with {"commit"=>"Sign in", "session"=>{"password"=>"foobar", "email"=>"paul.greig01@gmail.com"}, "utf8"=>"\342\234\223"} and HTTP headers {"HTTP_REFERER"=>"/signin"}
REQUESTING PAGE: GET http://www.example.com/users/1 with {} and HTTP headers {"HTTP_REFERER"=>"/sessions"}
REQUESTING PAGE: GET /signout with {} and HTTP headers {"HTTP_REFERER"=>"http://www.example.com/users/1"}
REQUESTING PAGE: GET http://www.example.com/ with {} and HTTP headers {"HTTP_REFERER"=>"/signout"}
REQUESTING PAGE: GET /users/1/edit with {} and HTTP headers {}
REQUESTING PAGE: GET http://www.example.com/signin with {} and HTTP headers {"HTTP_REFERER"=>"/users/1/edit"}
REQUESTING PAGE: POST /sessions with {"commit"=>"Sign in", "session"=>{"password"=>"foobar", "email"=>"paul.greig01@gmail.com"}, "utf8"=>"\342\234\223"} and HTTP headers {"HTTP_REFERER"=>"http://www.example.com/signin"}
REQUESTING PAGE: GET http://www.example.com/users/1/edit with {} and HTTP headers {"HTTP_REFERER"=>"/sessions"}
REQUESTING PAGE: GET / with {} and HTTP headers {}
REQUESTING PAGE: GET /signin with {} and HTTP headers {}
REQUESTING PAGE: POST /sessions with {"commit"=>"Sign in", "session"=>{"password"=>"foobar", "email"=>"paul.greig01@gmail.com"}, "utf8"=>"\342\234\223"} and HTTP headers {"HTTP_REFERER"=>"/signin"}
REQUESTING PAGE: GET http://www.example.com/users/1 with {} and HTTP headers {"HTTP_REFERER"=>"/sessions"}
REQUESTING PAGE: GET / with {} and HTTP headers {"HTTP_REFERER"=>"http://www.example.com/users/1"}
REQUESTING PAGE: GET /signin with {} and HTTP headers {}
REQUESTING PAGE: POST /sessions with {"commit"=>"Sign in", "session"=>{"password"=>"foobar", "email"=>"paul.greig01@gmail.com"}, "utf8"=>"\342\234\223"} and HTTP headers {"HTTP_REFERER"=>"/signin"}
REQUESTING PAGE: GET http://www.example.com/users/1 with {} and HTTP headers {"HTTP_REFERER"=>"/sessions"}
REQUESTING PAGE: GET / with {} and HTTP headers {"HTTP_REFERER"=>"http://www.example.com/users/1"}
REQUESTING PAGE: GET /signup with {} and HTTP headers {}
REQUESTING PAGE: POST /users with {"commit"=>"Sign up", "utf8"=>"\342\234\223", "user"=>{"name"=>"Example User", "password_confirmation"=>"foobar", "password"=>"foobar", "email"=>"user@example.com"}} and HTTP headers {"HTTP_REFERER"=>"/signup"}
REQUESTING PAGE: GET http://www.example.com/users/1 with {} and HTTP headers {"HTTP_REFERER"=>"/users"}
REQUESTING PAGE: GET /signin with {} and HTTP headers {}
REQUESTING PAGE: POST /sessions with {"commit"=>"Sign in", "session"=>{"password"=>"", "email"=>""}, "utf8"=>"\342\234\223"} and HTTP headers {"HTTP_REFERER"=>"/signin"}
REQUESTING PAGE: GET /signin with {} and HTTP headers {}
REQUESTING PAGE: POST /sessions with {"commit"=>"Sign in", "session"=>{"password"=>"foobar", "email"=>"paul.greig01@gmail.com"}, "utf8"=>"\342\234\223"} and HTTP headers {"HTTP_REFERER"=>"/signin"}
REQUESTING PAGE: GET http://www.example.com/users/1 with {} and HTTP headers {"HTTP_REFERER"=>"/sessions"}
REQUESTING PAGE: GET /signout with {} and HTTP headers {"HTTP_REFERER"=>"http://www.example.com/users/1"}
REQUESTING PAGE: GET http://www.example.com/ with {} and HTTP headers {"HTTP_REFERER"=>"/signout"}
REQUESTING PAGE: GET /users/1/edit with {} and HTTP headers {}
REQUESTING PAGE: GET http://www.example.com/signin with {} and HTTP headers {"HTTP_REFERER"=>"/users/1/edit"}
REQUESTING PAGE: POST /sessions with {"commit"=>"Sign in", "session"=>{"password"=>"foobar", "email"=>"paul.greig01@gmail.com"}, "utf8"=>"\342\234\223"} and HTTP headers {"HTTP_REFERER"=>"http://www.example.com/signin"}
REQUESTING PAGE: GET http://www.example.com/users/1/edit with {} and HTTP headers {"HTTP_REFERER"=>"/sessions"}
REQUESTING PAGE: GET / with {} and HTTP headers {}
REQUESTING PAGE: GET /signin with {} and HTTP headers {}
REQUESTING PAGE: POST /sessions with {"commit"=>"Sign in", "session"=>{"password"=>"foobar", "email"=>"paul.greig01@gmail.com"}, "utf8"=>"\342\234\223"} and HTTP headers {"HTTP_REFERER"=>"/signin"}
REQUESTING PAGE: GET http://www.example.com/users/1 with {} and HTTP headers {"HTTP_REFERER"=>"/sessions"}
REQUESTING PAGE: GET / with {} and HTTP headers {"HTTP_REFERER"=>"http://www.example.com/users/1"}
REQUESTING PAGE: GET /signin with {} and HTTP headers {}
REQUESTING PAGE: POST /sessions with {"commit"=>"Sign in", "session"=>{"password"=>"foobar", "email"=>"paul.greig01@gmail.com"}, "utf8"=>"\342\234\223"} and HTTP headers {"HTTP_REFERER"=>"/signin"}
REQUESTING PAGE: GET http://www.example.com/users/1 with {} and HTTP headers {"HTTP_REFERER"=>"/sessions"}
REQUESTING PAGE: GET / with {} and HTTP headers {"HTTP_REFERER"=>"http://www.example.com/users/1"}
REQUESTING PAGE: GET /signup with {} and HTTP headers {}
REQUESTING PAGE: POST /users with {"commit"=>"Sign up", "utf8"=>"\342\234\223", "user"=>{"name"=>"Example User", "password_confirmation"=>"foobar", "password"=>"foobar", "email"=>"user@example.com"}} and HTTP headers {"HTTP_REFERER"=>"/signup"}
REQUESTING PAGE: GET http://www.example.com/users/1 with {} and HTTP headers {"HTTP_REFERER"=>"/users"}
REQUESTING PAGE: GET /signin with {} and HTTP headers {}
REQUESTING PAGE: POST /sessions with {"commit"=>"Sign in", "session"=>{"password"=>"", "email"=>""}, "utf8"=>"\342\234\223"} and HTTP headers {"HTTP_REFERER"=>"/signin"}
REQUESTING PAGE: GET /signin with {} and HTTP headers {}
REQUESTING PAGE: POST /sessions with {"commit"=>"Sign in", "session"=>{"password"=>"foobar", "email"=>"paul.greig01@gmail.com"}, "utf8"=>"\342\234\223"} and HTTP headers {"HTTP_REFERER"=>"/signin"}
REQUESTING PAGE: GET http://www.example.com/users/1 with {} and HTTP headers {"HTTP_REFERER"=>"/sessions"}
REQUESTING PAGE: GET /signout with {} and HTTP headers {"HTTP_REFERER"=>"http://www.example.com/users/1"}
REQUESTING PAGE: GET http://www.example.com/ with {} and HTTP headers {"HTTP_REFERER"=>"/signout"}
REQUESTING PAGE: GET /users/1/edit with {} and HTTP headers {}
REQUESTING PAGE: GET http://www.example.com/signin with {} and HTTP headers {"HTTP_REFERER"=>"/users/1/edit"}
REQUESTING PAGE: POST /sessions with {"commit"=>"Sign in", "session"=>{"password"=>"foobar", "email"=>"paul.greig01@gmail.com"}, "utf8"=>"\342\234\223"} and HTTP headers {"HTTP_REFERER"=>"http://www.example.com/signin"}
REQUESTING PAGE: GET http://www.example.com/users/1/edit with {} and HTTP headers {"HTTP_REFERER"=>"/sessions"}
